<?xml version="1.0" encoding="UTF-8"?>
<testng-results ignored="0" total="0" passed="0" failed="0" skipped="0">
  <reporter-output>
  </reporter-output>
  <suite started-at="2023-05-08T17:21:40 MSK" name="Surefire suite" finished-at="2023-05-08T17:21:42 MSK" duration-ms="1833">
    <groups>
      <group name="cucumber">
        <method signature="AbstractTestNGCucumberTests.runScenario(io.cucumber.testng.PickleWrapper,io.cucumber.testng.FeatureWrapper)[pri:0, instance:com.cucumber.testng.runner.CucumberTestRunner@51b77cdf]" name="runScenario" class="io.cucumber.testng.AbstractTestNGCucumberTests"/>
      </group> <!-- cucumber -->
    </groups>
    <test started-at="2023-05-08T17:21:40 MSK" name="Surefire test" finished-at="2023-05-08T17:21:42 MSK" duration-ms="1833">
      <class name="com.cucumber.testng.runner.CucumberTestRunner">
        <test-method is-config="true" signature="setUpClass(org.testng.ITestContext)[pri:0, instance:com.cucumber.testng.runner.CucumberTestRunner@51b77cdf]" started-at="2023-05-08T17:21:41 MSK" name="setUpClass" finished-at="2023-05-08T17:21:42 MSK" duration-ms="1616" status="PASS">
          <params>
            <param index="0">
              <value>
                <![CDATA[org.testng.TestRunner@5909ae90]]>
              </value>
            </param>
          </params>
          <reporter-output>
          </reporter-output>
        </test-method> <!-- setUpClass -->
        <test-method is-config="true" signature="tearDownClass()[pri:0, instance:com.cucumber.testng.runner.CucumberTestRunner@51b77cdf]" started-at="2023-05-08T17:21:42 MSK" name="tearDownClass" finished-at="2023-05-08T17:21:42 MSK" duration-ms="125" status="PASS">
          <reporter-output>
          </reporter-output>
        </test-method> <!-- tearDownClass -->
      </class> <!-- com.cucumber.testng.runner.CucumberTestRunner -->
    </test> <!-- Surefire test -->
  </suite> <!-- Surefire suite -->
</testng-results>
